\BOOKMARK [0][-]{chapter.1}{\376\377\000I\000n\000t\000r\000o\000d\000u\000c\000t\000i\000o\000n\000\040\000t\000o\000\040\000A\000r\000r\000a\000y\000s}{}% 1
\BOOKMARK [1][-]{section.1.1}{\376\377\000O\000v\000e\000r\000v\000i\000e\000w}{chapter.1}% 2
\BOOKMARK [1][-]{section.1.2}{\376\377\000H\000i\000s\000t\000o\000r\000y}{chapter.1}% 3
\BOOKMARK [2][-]{subsection.1.2.1}{\376\377\000O\000r\000i\000g\000i\000n\000s\000\040\000a\000n\000d\000\040\000N\000e\000c\000e\000s\000s\000i\000t\000y\000\040\000o\000f\000\040\000A\000r\000r\000a\000y\000s}{section.1.2}% 4
\BOOKMARK [2][-]{subsection.1.2.2}{\376\377\000E\000a\000r\000l\000y\000\040\000D\000i\000g\000i\000t\000a\000l\000\040\000C\000o\000m\000p\000u\000t\000e\000r\000s}{section.1.2}% 5
\BOOKMARK [2][-]{subsection.1.2.3}{\376\377\000T\000h\000e\000\040\000I\000n\000f\000l\000u\000e\000n\000c\000e\000\040\000o\000f\000\040\000J\000o\000h\000n\000\040\000v\000o\000n\000\040\000N\000e\000u\000m\000a\000n\000n}{section.1.2}% 6
\BOOKMARK [2][-]{subsection.1.2.4}{\376\377\000E\000v\000o\000l\000u\000t\000i\000o\000n\000\040\000i\000n\000\040\000P\000r\000o\000g\000r\000a\000m\000m\000i\000n\000g\000\040\000L\000a\000n\000g\000u\000a\000g\000e\000s}{section.1.2}% 7
\BOOKMARK [2][-]{subsection.1.2.5}{\376\377\000I\000m\000p\000a\000c\000t\000\040\000o\000n\000\040\000C\000o\000m\000p\000u\000t\000e\000r\000\040\000A\000r\000c\000h\000i\000t\000e\000c\000t\000u\000r\000e}{section.1.2}% 8
\BOOKMARK [1][-]{section.1.3}{\376\377\000D\000e\000v\000e\000l\000o\000p\000m\000e\000n\000t\000\040\000o\000f\000\040\000A\000r\000r\000a\000y\000\040\000I\000n\000d\000e\000x\000i\000n\000g}{chapter.1}% 9
\BOOKMARK [2][-]{subsection.1.3.1}{\376\377\000E\000x\000a\000m\000p\000l\000e\000:\000\040\000O\000n\000e\000-\000D\000i\000m\000e\000n\000s\000i\000o\000n\000a\000l\000\040\000A\000r\000r\000a\000y}{section.1.3}% 10
\BOOKMARK [2][-]{subsection.1.3.2}{\376\377\000A\000d\000d\000r\000e\000s\000s\000\040\000C\000a\000l\000c\000u\000l\000a\000t\000i\000o\000n}{section.1.3}% 11
\BOOKMARK [2][-]{subsection.1.3.3}{\376\377\000S\000e\000l\000f\000-\000M\000o\000d\000i\000f\000y\000i\000n\000g\000\040\000C\000o\000d\000e\000\040\000i\000n\000\040\000E\000a\000r\000l\000y\000\040\000C\000o\000m\000p\000u\000t\000e\000r\000s}{section.1.3}% 12
\BOOKMARK [2][-]{subsection.1.3.4}{\376\377\000A\000r\000r\000a\000y\000s\000\040\000i\000n\000\040\000E\000a\000r\000l\000y\000\040\000P\000r\000o\000g\000r\000a\000m\000m\000i\000n\000g\000\040\000L\000a\000n\000g\000u\000a\000g\000e\000s}{section.1.3}% 13
\BOOKMARK [2][-]{subsection.1.3.5}{\376\377\000A\000d\000v\000a\000n\000c\000e\000s\000\040\000i\000n\000\040\000C\000+\000+\000\040\000a\000n\000d\000\040\000B\000e\000y\000o\000n\000d}{section.1.3}% 14
\BOOKMARK [2][-]{subsection.1.3.6}{\376\377\000M\000o\000d\000e\000r\000n\000\040\000D\000e\000v\000e\000l\000o\000p\000m\000e\000n\000t\000s\000\040\000a\000n\000d\000\040\000A\000p\000p\000l\000i\000c\000a\000t\000i\000o\000n\000s}{section.1.3}% 15
\BOOKMARK [1][-]{section.1.4}{\376\377\000I\000m\000p\000o\000r\000t\000a\000n\000c\000e\000\040\000o\000f\000\040\000A\000r\000r\000a\000y\000s}{chapter.1}% 16
\BOOKMARK [1][-]{section.1.5}{\376\377\000A\000b\000s\000t\000r\000a\000c\000t\000\040\000A\000r\000r\000a\000y\000s}{chapter.1}% 17
\BOOKMARK [1][-]{section.1.6}{\376\377\000U\000n\000d\000e\000r\000s\000t\000a\000n\000d\000i\000n\000g\000\040\000A\000r\000r\000a\000y\000s\000\040\000w\000i\000t\000h\000\040\000a\000n\000\040\000E\000x\000a\000m\000p\000l\000e}{chapter.1}% 18
\BOOKMARK [1][-]{section.1.7}{\376\377\000W\000h\000y\000\040\000U\000s\000e\000\040\000A\000r\000r\000a\000y\000s\000?}{chapter.1}% 19
\BOOKMARK [2][-]{subsection.1.7.1}{\376\377\0001\000.\000\040\000E\000f\000f\000i\000c\000i\000e\000n\000t\000\040\000D\000a\000t\000a\000\040\000S\000t\000o\000r\000a\000g\000e\000\040\000a\000n\000d\000\040\000A\000c\000c\000e\000s\000s}{section.1.7}% 20
\BOOKMARK [2][-]{subsection.1.7.2}{\376\377\0002\000.\000\040\000E\000a\000s\000e\000\040\000o\000f\000\040\000I\000t\000e\000r\000a\000t\000i\000o\000n}{section.1.7}% 21
\BOOKMARK [2][-]{subsection.1.7.3}{\376\377\0003\000.\000\040\000F\000i\000x\000e\000d\000\040\000S\000i\000z\000e\000\040\000a\000n\000d\000\040\000P\000r\000e\000d\000i\000c\000t\000a\000b\000l\000e\000\040\000M\000e\000m\000o\000r\000y\000\040\000U\000s\000a\000g\000e}{section.1.7}% 22
\BOOKMARK [2][-]{subsection.1.7.4}{\376\377\0004\000.\000\040\000S\000i\000m\000p\000l\000i\000f\000i\000e\000d\000\040\000D\000a\000t\000a\000\040\000M\000a\000n\000a\000g\000e\000m\000e\000n\000t}{section.1.7}% 23
\BOOKMARK [2][-]{subsection.1.7.5}{\376\377\0005\000.\000\040\000S\000u\000p\000p\000o\000r\000t\000\040\000f\000o\000r\000\040\000M\000u\000l\000t\000i\000-\000D\000i\000m\000e\000n\000s\000i\000o\000n\000a\000l\000\040\000D\000a\000t\000a}{section.1.7}% 24
\BOOKMARK [2][-]{subsection.1.7.6}{\376\377\0006\000.\000\040\000C\000o\000m\000p\000a\000t\000i\000b\000i\000l\000i\000t\000y\000\040\000w\000i\000t\000h\000\040\000L\000o\000w\000-\000L\000e\000v\000e\000l\000\040\000P\000r\000o\000g\000r\000a\000m\000m\000i\000n\000g}{section.1.7}% 25
\BOOKMARK [2][-]{subsection.1.7.7}{\376\377\0007\000.\000\040\000F\000o\000u\000n\000d\000a\000t\000i\000o\000n\000\040\000f\000o\000r\000\040\000O\000t\000h\000e\000r\000\040\000D\000a\000t\000a\000\040\000S\000t\000r\000u\000c\000t\000u\000r\000e\000s}{section.1.7}% 26
\BOOKMARK [2][-]{subsection.1.7.8}{\376\377\0008\000.\000\040\000W\000i\000d\000e\000s\000p\000r\000e\000a\000d\000\040\000L\000a\000n\000g\000u\000a\000g\000e\000\040\000S\000u\000p\000p\000o\000r\000t}{section.1.7}% 27
\BOOKMARK [1][-]{section.1.8}{\376\377\000M\000e\000m\000o\000r\000y\000\040\000L\000a\000y\000o\000u\000t\000\040\000a\000n\000d\000\040\000S\000t\000o\000r\000a\000g\000e}{chapter.1}% 28
\BOOKMARK [0][-]{chapter.2}{\376\377\000S\000t\000a\000t\000i\000c\000\040\000A\000r\000r\000a\000y\000s}{}% 29
\BOOKMARK [1][-]{section.2.1}{\376\377\000S\000i\000n\000g\000l\000e\000-\000D\000i\000m\000e\000n\000s\000i\000o\000n\000a\000l\000\040\000A\000r\000r\000a\000y\000s}{chapter.2}% 30
\BOOKMARK [2][-]{subsection.2.1.1}{\376\377\000D\000e\000c\000l\000a\000r\000a\000t\000i\000o\000n\000\040\000a\000n\000d\000\040\000I\000n\000i\000t\000i\000a\000l\000i\000z\000a\000t\000i\000o\000n}{section.2.1}% 31
\BOOKMARK [2][-]{subsection.2.1.2}{\376\377\000A\000c\000c\000e\000s\000s\000i\000n\000g\000\040\000E\000l\000e\000m\000e\000n\000t\000s}{section.2.1}% 32
\BOOKMARK [2][-]{subsection.2.1.3}{\376\377\000I\000t\000e\000r\000a\000t\000i\000n\000g\000\040\000T\000h\000r\000o\000u\000g\000h\000\040\000a\000n\000\040\000A\000r\000r\000a\000y}{section.2.1}% 33
\BOOKMARK [2][-]{subsection.2.1.4}{\376\377\000C\000o\000m\000m\000o\000n\000\040\000O\000p\000e\000r\000a\000t\000i\000o\000n\000s}{section.2.1}% 34
\BOOKMARK [2][-]{subsection.2.1.5}{\376\377\000M\000e\000m\000o\000r\000y\000\040\000C\000o\000n\000s\000i\000d\000e\000r\000a\000t\000i\000o\000n\000s}{section.2.1}% 35
\BOOKMARK [1][-]{section.2.2}{\376\377\000M\000u\000l\000t\000i\000-\000D\000i\000m\000e\000n\000s\000i\000o\000n\000a\000l\000\040\000A\000r\000r\000a\000y\000s}{chapter.2}% 36
\BOOKMARK [2][-]{subsection.2.2.1}{\376\377\0002\000D\000\040\000A\000r\000r\000a\000y\000s}{section.2.2}% 37
\BOOKMARK [2][-]{subsection.2.2.2}{\376\377\0003\000D\000\040\000A\000r\000r\000a\000y\000s\000\040\000a\000n\000d\000\040\000H\000i\000g\000h\000e\000r\000\040\000D\000i\000m\000e\000n\000s\000i\000o\000n\000s}{section.2.2}% 38
\BOOKMARK [0][-]{chapter.3}{\376\377\000D\000y\000n\000a\000m\000i\000c\000\040\000A\000r\000r\000a\000y\000s}{}% 39
\BOOKMARK [1][-]{section.3.1}{\376\377\000I\000n\000t\000r\000o\000d\000u\000c\000t\000i\000o\000n\000\040\000t\000o\000\040\000D\000y\000n\000a\000m\000i\000c\000\040\000A\000r\000r\000a\000y\000s}{chapter.3}% 40
\BOOKMARK [2][-]{subsection.3.1.1}{\376\377\000D\000e\000f\000i\000n\000i\000t\000i\000o\000n\000\040\000a\000n\000d\000\040\000O\000v\000e\000r\000v\000i\000e\000w}{section.3.1}% 41
\BOOKMARK [2][-]{subsection.3.1.2}{\376\377\000C\000o\000m\000p\000a\000r\000i\000s\000o\000n\000\040\000w\000i\000t\000h\000\040\000S\000t\000a\000t\000i\000c\000\040\000A\000r\000r\000a\000y\000s}{section.3.1}% 42
\BOOKMARK [1][-]{section.3.2}{\376\377\000S\000i\000n\000g\000l\000e\000-\000D\000i\000m\000e\000n\000s\000i\000o\000n\000a\000l\000\040\000D\000y\000n\000a\000m\000i\000c\000\040\000A\000r\000r\000a\000y\000s}{chapter.3}% 43
\BOOKMARK [2][-]{subsection.3.2.1}{\376\377\000U\000s\000i\000n\000g\000\040\000m\000a\000l\000l\000o\000c\000\040\000a\000n\000d\000\040\000c\000a\000l\000l\000o\000c\000\040\000i\000n\000\040\000C}{section.3.2}% 44
\BOOKMARK [2][-]{subsection.3.2.2}{\376\377\000R\000e\000s\000i\000z\000i\000n\000g\000\040\000A\000r\000r\000a\000y\000s\000\040\000w\000i\000t\000h\000\040\000r\000e\000a\000l\000l\000o\000c}{section.3.2}% 45
\BOOKMARK [2][-]{subsection.3.2.3}{\376\377\000U\000s\000i\000n\000g\000\040\000A\000r\000r\000a\000y\000L\000i\000s\000t\000\040\000i\000n\000\040\000J\000a\000v\000a}{section.3.2}% 46
\BOOKMARK [2][-]{subsection.3.2.4}{\376\377\000U\000s\000i\000n\000g\000\040\000V\000e\000c\000t\000o\000r\000\040\000i\000n\000\040\000C\000+\000+}{section.3.2}% 47
\BOOKMARK [2][-]{subsection.3.2.5}{\376\377\000U\000s\000i\000n\000g\000\040\000L\000i\000s\000t\000\040\000i\000n\000\040\000P\000y\000t\000h\000o\000n}{section.3.2}% 48
\BOOKMARK [1][-]{section.3.3}{\376\377\000M\000u\000l\000t\000i\000-\000D\000i\000m\000e\000n\000s\000i\000o\000n\000a\000l\000\040\000D\000y\000n\000a\000m\000i\000c\000\040\000A\000r\000r\000a\000y\000s}{chapter.3}% 49
\BOOKMARK [2][-]{subsection.3.3.1}{\376\377\0002\000D\000\040\000D\000y\000n\000a\000m\000i\000c\000\040\000A\000r\000r\000a\000y\000s}{section.3.3}% 50
\BOOKMARK [2][-]{subsection.3.3.2}{\376\377\0003\000D\000\040\000a\000n\000d\000\040\000H\000i\000g\000h\000e\000r\000\040\000D\000i\000m\000e\000n\000s\000i\000o\000n\000s}{section.3.3}% 51
\BOOKMARK [0][-]{chapter.4}{\376\377\000A\000d\000v\000a\000n\000c\000e\000d\000\040\000T\000o\000p\000i\000c\000s\000\040\000i\000n\000\040\000A\000r\000r\000a\000y\000s}{}% 52
\BOOKMARK [1][-]{section.4.1}{\376\377\000A\000r\000r\000a\000y\000\040\000A\000l\000g\000o\000r\000i\000t\000h\000m\000s}{chapter.4}% 53
\BOOKMARK [2][-]{subsection.4.1.1}{\376\377\000S\000o\000r\000t\000i\000n\000g\000\040\000A\000l\000g\000o\000r\000i\000t\000h\000m\000s}{section.4.1}% 54
\BOOKMARK [2][-]{subsection.4.1.2}{\376\377\000S\000e\000a\000r\000c\000h\000i\000n\000g\000\040\000A\000l\000g\000o\000r\000i\000t\000h\000m\000s}{section.4.1}% 55
\BOOKMARK [1][-]{section.4.2}{\376\377\000M\000e\000m\000o\000r\000y\000\040\000M\000a\000n\000a\000g\000e\000m\000e\000n\000t\000\040\000i\000n\000\040\000A\000r\000r\000a\000y\000s}{chapter.4}% 56
\BOOKMARK [2][-]{subsection.4.2.1}{\376\377\000S\000t\000a\000t\000i\000c\000\040\000v\000s\000.\000\040\000D\000y\000n\000a\000m\000i\000c\000\040\000M\000e\000m\000o\000r\000y}{section.4.2}% 57
\BOOKMARK [2][-]{subsection.4.2.2}{\376\377\000O\000p\000t\000i\000m\000i\000z\000i\000n\000g\000\040\000M\000e\000m\000o\000r\000y\000\040\000U\000s\000a\000g\000e}{section.4.2}% 58
\BOOKMARK [1][-]{section.4.3}{\376\377\000H\000a\000n\000d\000l\000i\000n\000g\000\040\000L\000a\000r\000g\000e\000\040\000D\000a\000t\000a\000\040\000S\000e\000t\000s}{chapter.4}% 59
\BOOKMARK [2][-]{subsection.4.3.1}{\376\377\000E\000f\000f\000i\000c\000i\000e\000n\000t\000\040\000S\000t\000o\000r\000a\000g\000e\000\040\000T\000e\000c\000h\000n\000i\000q\000u\000e\000s}{section.4.3}% 60
\BOOKMARK [2][-]{subsection.4.3.2}{\376\377\000U\000s\000i\000n\000g\000\040\000A\000r\000r\000a\000y\000s\000\040\000i\000n\000\040\000B\000i\000g\000\040\000D\000a\000t\000a\000\040\000A\000p\000p\000l\000i\000c\000a\000t\000i\000o\000n\000s}{section.4.3}% 61
\BOOKMARK [1][-]{section.4.4}{\376\377\000P\000a\000r\000a\000l\000l\000e\000l\000\040\000P\000r\000o\000c\000e\000s\000s\000i\000n\000g\000\040\000w\000i\000t\000h\000\040\000A\000r\000r\000a\000y\000s}{chapter.4}% 62
\BOOKMARK [2][-]{subsection.4.4.1}{\376\377\000I\000n\000t\000r\000o\000d\000u\000c\000t\000i\000o\000n\000\040\000t\000o\000\040\000P\000a\000r\000a\000l\000l\000e\000l\000\040\000A\000r\000r\000a\000y\000s}{section.4.4}% 63
\BOOKMARK [2][-]{subsection.4.4.2}{\376\377\000A\000p\000p\000l\000i\000c\000a\000t\000i\000o\000n\000s\000\040\000i\000n\000\040\000G\000P\000U\000\040\000P\000r\000o\000g\000r\000a\000m\000m\000i\000n\000g}{section.4.4}% 64
\BOOKMARK [1][-]{section.4.5}{\376\377\000S\000p\000a\000r\000s\000e\000\040\000A\000r\000r\000a\000y\000s}{chapter.4}% 65
\BOOKMARK [2][-]{subsection.4.5.1}{\376\377\000R\000e\000p\000r\000e\000s\000e\000n\000t\000a\000t\000i\000o\000n\000\040\000a\000n\000d\000\040\000U\000s\000a\000g\000e}{section.4.5}% 66
\BOOKMARK [2][-]{subsection.4.5.2}{\376\377\000A\000p\000p\000l\000i\000c\000a\000t\000i\000o\000n\000s\000\040\000i\000n\000\040\000D\000a\000t\000a\000\040\000C\000o\000m\000p\000r\000e\000s\000s\000i\000o\000n}{section.4.5}% 67
\BOOKMARK [0][-]{chapter.5}{\376\377\000S\000p\000e\000c\000i\000a\000l\000i\000z\000e\000d\000\040\000A\000r\000r\000a\000y\000s\000\040\000a\000n\000d\000\040\000A\000p\000p\000l\000i\000c\000a\000t\000i\000o\000n\000s}{}% 68
\BOOKMARK [1][-]{section.5.1}{\376\377\000C\000i\000r\000c\000u\000l\000a\000r\000\040\000A\000r\000r\000a\000y\000s}{chapter.5}% 69
\BOOKMARK [2][-]{subsection.5.1.1}{\376\377\000I\000m\000p\000l\000e\000m\000e\000n\000t\000a\000t\000i\000o\000n\000\040\000a\000n\000d\000\040\000U\000s\000e\000\040\000C\000a\000s\000e\000s}{section.5.1}% 70
\BOOKMARK [2][-]{subsection.5.1.2}{\376\377\000A\000p\000p\000l\000i\000c\000a\000t\000i\000o\000n\000s\000\040\000i\000n\000\040\000B\000u\000f\000f\000e\000r\000\040\000M\000a\000n\000a\000g\000e\000m\000e\000n\000t}{section.5.1}% 71
\BOOKMARK [1][-]{section.5.2}{\376\377\000D\000y\000n\000a\000m\000i\000c\000\040\000B\000u\000f\000f\000e\000r\000i\000n\000g\000\040\000a\000n\000d\000\040\000A\000r\000r\000a\000y\000s}{chapter.5}% 72
\BOOKMARK [2][-]{subsection.5.2.1}{\376\377\000D\000y\000n\000a\000m\000i\000c\000\040\000C\000i\000r\000c\000u\000l\000a\000r\000\040\000B\000u\000f\000f\000e\000r\000s}{section.5.2}% 73
\BOOKMARK [2][-]{subsection.5.2.2}{\376\377\000H\000a\000n\000d\000l\000i\000n\000g\000\040\000S\000t\000r\000e\000a\000m\000i\000n\000g\000\040\000D\000a\000t\000a}{section.5.2}% 74
\BOOKMARK [1][-]{section.5.3}{\376\377\000J\000a\000g\000g\000e\000d\000\040\000A\000r\000r\000a\000y\000s}{chapter.5}% 75
\BOOKMARK [2][-]{subsection.5.3.1}{\376\377\000D\000e\000f\000i\000n\000i\000t\000i\000o\000n\000\040\000a\000n\000d\000\040\000U\000s\000a\000g\000e}{section.5.3}% 76
\BOOKMARK [2][-]{subsection.5.3.2}{\376\377\000A\000p\000p\000l\000i\000c\000a\000t\000i\000o\000n\000s\000\040\000i\000n\000\040\000D\000a\000t\000a\000b\000a\000s\000e\000\040\000M\000a\000n\000a\000g\000e\000m\000e\000n\000t}{section.5.3}% 77
\BOOKMARK [1][-]{section.5.4}{\376\377\000B\000i\000t\000\040\000A\000r\000r\000a\000y\000s\000\040\000\050\000B\000i\000t\000s\000e\000t\000s\000\051}{chapter.5}% 78
\BOOKMARK [2][-]{subsection.5.4.1}{\376\377\000I\000n\000t\000r\000o\000d\000u\000c\000t\000i\000o\000n\000\040\000a\000n\000d\000\040\000R\000e\000p\000r\000e\000s\000e\000n\000t\000a\000t\000i\000o\000n}{section.5.4}% 79
\BOOKMARK [2][-]{subsection.5.4.2}{\376\377\000A\000p\000p\000l\000i\000c\000a\000t\000i\000o\000n\000s\000\040\000i\000n\000\040\000C\000r\000y\000p\000t\000o\000g\000r\000a\000p\000h\000y}{section.5.4}% 80
\BOOKMARK [0][-]{chapter.6}{\376\377\000L\000i\000n\000k\000e\000d\000\040\000L\000i\000s\000t\000s}{}% 81
\BOOKMARK [1][-]{section.6.1}{\376\377\000S\000i\000n\000g\000l\000y\000\040\000L\000i\000n\000k\000e\000d\000\040\000L\000i\000s\000t}{chapter.6}% 82
\BOOKMARK [1][-]{section.6.2}{\376\377\000D\000o\000u\000b\000l\000y\000\040\000L\000i\000n\000k\000e\000d\000\040\000L\000i\000s\000t}{chapter.6}% 83
\BOOKMARK [1][-]{section.6.3}{\376\377\000C\000i\000r\000c\000u\000l\000a\000r\000\040\000L\000i\000n\000k\000e\000d\000\040\000L\000i\000s\000t}{chapter.6}% 84
